Using pre-set license
Built from '2020.3/staging' branch; Version is '2020.3.14f1 (d0d1bb862f9d) revision 13685179'; Using compiler version '192528614'; Build Type 'Release'
OS: 'Windows 10 Pro N; OS build 19042.1052; Version 2009; 64bit' Language: 'en' Physical Memory: 16320 MB
BatchMode: 1, IsHumanControllingUs: 0, StartBugReporterOnCrash: 0, Is64bit: 1, IsPro: 0

 COMMAND LINE ARGUMENTS:
C:\Program Files\Unity\Hub\Editor\2020.3.14f1\Editor\Unity.exe
-adb2
-batchMode
-noUpm
-name
AssetImportWorker0
-projectPath
C:/Users/Visitor/Desktop/Demetre/Unity Projects/GYM/GYM
-logFile
Logs/AssetImportWorker0.log
-srvPort
58223
Successfully changed project path to: C:/Users/Visitor/Desktop/Demetre/Unity Projects/GYM/GYM
C:/Users/Visitor/Desktop/Demetre/Unity Projects/GYM/GYM
Using Asset Import Pipeline V2.
Refreshing native plugins compatible for Editor in 36.46 ms, found 2 plugins.
Preloading 0 native plugins for Editor in 0.00 ms.
Initialize engine version: 2020.3.14f1 (d0d1bb862f9d)
[Subsystems] Discovering subsystems at path C:/Program Files/Unity/Hub/Editor/2020.3.14f1/Editor/Data/Resources/UnitySubsystems
[Subsystems] Discovering subsystems at path C:/Users/Visitor/Desktop/Demetre/Unity Projects/GYM/GYM/Assets
GfxDevice: creating device client; threaded=0
Direct3D:
    Version:  Direct3D 11.0 [level 11.1]
    Renderer: Radeon (TM) RX 480 Graphics (ID=0x67df)
    Vendor:   
    VRAM:     4075 MB
    Driver:   27.20.1034.6
Initialize mono
Mono path[0] = 'C:/Program Files/Unity/Hub/Editor/2020.3.14f1/Editor/Data/Managed'
Mono path[1] = 'C:/Program Files/Unity/Hub/Editor/2020.3.14f1/Editor/Data/MonoBleedingEdge/lib/mono/unityjit'
Mono config path = 'C:/Program Files/Unity/Hub/Editor/2020.3.14f1/Editor/Data/MonoBleedingEdge/etc'
Using monoOptions --debugger-agent=transport=dt_socket,embedding=1,server=y,suspend=n,address=127.0.0.1:56724
Begin MonoManager ReloadAssembly
Registering precompiled unity dll's ...
Register platform support module: C:/Program Files/Unity/Hub/Editor/2020.3.14f1/Editor/Data/PlaybackEngines/WindowsStandaloneSupport/UnityEditor.WindowsStandalone.Extensions.dll
Registered in 0.001679 seconds.
Native extension for WindowsStandalone target not found
Refreshing native plugins compatible for Editor in 31.48 ms, found 2 plugins.
Preloading 0 native plugins for Editor in 0.00 ms.
Mono: successfully reloaded assembly
- Completed reload, in  2.162 seconds
Domain Reload Profiling:
	ReloadAssembly (2162ms)
		BeginReloadAssembly (58ms)
			ExecutionOrderSort (0ms)
			DisableScriptedObjects (0ms)
			BackupInstance (0ms)
			ReleaseScriptingObjects (0ms)
			CreateAndSetChildDomain (1ms)
		EndReloadAssembly (453ms)
			LoadAssemblies (56ms)
			RebuildTransferFunctionScriptingTraits (0ms)
			SetupTypeCache (164ms)
			ReleaseScriptCaches (0ms)
			RebuildScriptCaches (39ms)
			SetupLoadedEditorAssemblies (172ms)
				LogAssemblyErrors (0ms)
				InitializePlatformSupportModulesInManaged (4ms)
				SetLoadedEditorAssemblies (0ms)
				RefreshPlugins (32ms)
				BeforeProcessingInitializeOnLoad (17ms)
				ProcessInitializeOnLoadAttributes (90ms)
				ProcessInitializeOnLoadMethodAttributes (30ms)
				AfterProcessingInitializeOnLoad (0ms)
				EditorAssembliesLoaded (0ms)
			ExecutionOrderSort2 (0ms)
			AwakeInstancesAfterBackupRestoration (0ms)
Platform modules already initialized, skipping
Registering precompiled user dll's ...
Registered in 0.003304 seconds.
Begin MonoManager ReloadAssembly
Native extension for WindowsStandalone target not found
Refreshing native plugins compatible for Editor in 0.34 ms, found 2 plugins.
Preloading 0 native plugins for Editor in 0.00 ms.
Mono: successfully reloaded assembly
- Completed reload, in  1.272 seconds
Domain Reload Profiling:
	ReloadAssembly (1273ms)
		BeginReloadAssembly (194ms)
			ExecutionOrderSort (0ms)
			DisableScriptedObjects (10ms)
			BackupInstance (0ms)
			ReleaseScriptingObjects (0ms)
			CreateAndSetChildDomain (21ms)
		EndReloadAssembly (1013ms)
			LoadAssemblies (96ms)
			RebuildTransferFunctionScriptingTraits (0ms)
			SetupTypeCache (335ms)
			ReleaseScriptCaches (0ms)
			RebuildScriptCaches (72ms)
			SetupLoadedEditorAssemblies (400ms)
				LogAssemblyErrors (0ms)
				InitializePlatformSupportModulesInManaged (7ms)
				SetLoadedEditorAssemblies (0ms)
				RefreshPlugins (0ms)
				BeforeProcessingInitializeOnLoad (114ms)
				ProcessInitializeOnLoadAttributes (268ms)
				ProcessInitializeOnLoadMethodAttributes (5ms)
				AfterProcessingInitializeOnLoad (5ms)
				EditorAssembliesLoaded (0ms)
			ExecutionOrderSort2 (0ms)
			AwakeInstancesAfterBackupRestoration (7ms)
Platform modules already initialized, skipping
========================================================================
Worker process is ready to serve import requests
Launched and connected shader compiler UnityShaderCompiler.exe after 0.04 seconds
Refreshing native plugins compatible for Editor in 0.43 ms, found 2 plugins.
Preloading 0 native plugins for Editor in 0.00 ms.
Unloading 1603 Unused Serialized files (Serialized files now loaded: 0)
System memory in use before: 81.7 MB.
System memory in use after: 81.8 MB.

Unloading 20 unused Assets to reduce memory usage. Loaded Objects now: 2037.
Total: 2.256500 ms (FindLiveObjects: 0.144500 ms CreateObjectMapping: 0.047200 ms MarkObjects: 1.916900 ms  DeleteObjects: 0.147100 ms)

AssetImportParameters requested are different than current active one (requested -> active):
  custom:video-decoder-ogg-theora: a1e56fd34408186e4bbccfd4996cb3dc -> 
  custom:container-muxer-webm: aa71ff27fc2769a1b78a27578f13a17b -> 
  custom:container-demuxer-webm: 4f35f7cbe854078d1ac9338744f61a02 -> 
  custom:container-demuxer-ogg: 62fdf1f143b41e24485cea50d1cbac27 -> 
  custom:video-encoder-webm-vp8: eb34c28f22e8b96e1ab97ce403110664 -> 
  custom:video-decoder-webm-vp8: 9c59270c3fd7afecdb556c50c9e8de78 -> 
  custom:audio-decoder-ogg-vorbis: bf7c407c2cedff20999df2af8eb42d56 -> 
  custom:audio-encoder-webm-vorbis: bf7c407c2cedff20999df2af8eb42d56 -> 
========================================================================
Received Import Request.
  path: Assets/FONTS
  artifactKey: Guid(f06c5737c3bf8fe4c9ad28a3fe4d5988) Importer(815301076,1909f56bfc062723c751e8b465ee728b)
Start importing Assets/FONTS using Guid(f06c5737c3bf8fe4c9ad28a3fe4d5988) Importer(815301076,1909f56bfc062723c751e8b465ee728b)  -> (artifact id: 'eabd07b7c39bceeb96154c01b4275383') in 0.005980 seconds 
  Import took 0.008577 seconds .

========================================================================
Received Import Request.
  Time since last request: 20.270150 seconds.
  path: Assets/FONTS/Roboto-Black.ttf
  artifactKey: Guid(5faebd1eb240def408c20ef24f234f32) Importer(815301076,1909f56bfc062723c751e8b465ee728b)
Start importing Assets/FONTS/Roboto-Black.ttf using Guid(5faebd1eb240def408c20ef24f234f32) Importer(815301076,1909f56bfc062723c751e8b465ee728b)  -> (artifact id: 'a5d442726c89af5142dd1f30ed9492cf') in 0.151390 seconds 
  Import took 0.154826 seconds .

========================================================================
Received Import Request.
  Time since last request: 0.000385 seconds.
  path: Assets/FONTS/Roboto-BoldItalic.ttf
  artifactKey: Guid(805a85625c8c3eb45b1df27a05763434) Importer(815301076,1909f56bfc062723c751e8b465ee728b)
Start importing Assets/FONTS/Roboto-BoldItalic.ttf using Guid(805a85625c8c3eb45b1df27a05763434) Importer(815301076,1909f56bfc062723c751e8b465ee728b)  -> (artifact id: '89fb0ec732bc60ee8f1904962269d985') in 0.016958 seconds 
  Import took 0.022923 seconds .

========================================================================
Received Import Request.
  Time since last request: 0.000414 seconds.
  path: Assets/FONTS/Roboto-BlackItalic.ttf
  artifactKey: Guid(0ed4029ab5d0006469fb326af3aeb684) Importer(815301076,1909f56bfc062723c751e8b465ee728b)
Start importing Assets/FONTS/Roboto-BlackItalic.ttf using Guid(0ed4029ab5d0006469fb326af3aeb684) Importer(815301076,1909f56bfc062723c751e8b465ee728b)  -> (artifact id: '0a912a0a0d7d28b88f379249d55e4a84') in 0.024731 seconds 
  Import took 0.029585 seconds .

========================================================================
Received Import Request.
  Time since last request: 0.000162 seconds.
  path: Assets/FONTS/Roboto-Thin.ttf
  artifactKey: Guid(88c0aaf9d2eff394cb21296968074faa) Importer(815301076,1909f56bfc062723c751e8b465ee728b)
Start importing Assets/FONTS/Roboto-Thin.ttf using Guid(88c0aaf9d2eff394cb21296968074faa) Importer(815301076,1909f56bfc062723c751e8b465ee728b)  -> (artifact id: '4c04c557222526768ffdf3c4c1bb4803') in 0.027999 seconds 
  Import took 0.033307 seconds .

========================================================================
Received Import Request.
  Time since last request: 0.000284 seconds.
  path: Assets/FONTS/Roboto-Light.ttf
  artifactKey: Guid(7768b0f292103d74fb51480ea0414d17) Importer(815301076,1909f56bfc062723c751e8b465ee728b)
Start importing Assets/FONTS/Roboto-Light.ttf using Guid(7768b0f292103d74fb51480ea0414d17) Importer(815301076,1909f56bfc062723c751e8b465ee728b)  -> (artifact id: '38be5fca9480e2e07b9c2c1d38bc6c6f') in 0.035539 seconds 
  Import took 0.044173 seconds .

========================================================================
Received Import Request.
  Time since last request: 0.000211 seconds.
  path: Assets/FONTS/Roboto-MediumItalic.ttf
  artifactKey: Guid(dc6e5bf899b93184e867335ae3645472) Importer(815301076,1909f56bfc062723c751e8b465ee728b)
Start importing Assets/FONTS/Roboto-MediumItalic.ttf using Guid(dc6e5bf899b93184e867335ae3645472) Importer(815301076,1909f56bfc062723c751e8b465ee728b)  -> (artifact id: '0fd78b595629a41c65d853e17906199d') in 0.056572 seconds 
  Import took 0.062088 seconds .

========================================================================
Received Import Request.
  Time since last request: 0.000267 seconds.
  path: Assets/FONTS/Roboto-Regular.ttf
  artifactKey: Guid(1bfc0c0405280d74db31f55431f9a142) Importer(815301076,1909f56bfc062723c751e8b465ee728b)
Start importing Assets/FONTS/Roboto-Regular.ttf using Guid(1bfc0c0405280d74db31f55431f9a142) Importer(815301076,1909f56bfc062723c751e8b465ee728b)  -> (artifact id: 'be4c5641453960c3cf9bdd3dd46aae60') in 0.036138 seconds 
  Import took 0.038935 seconds .

========================================================================
Received Import Request.
  Time since last request: 0.000168 seconds.
  path: Assets/FONTS/Roboto-LightItalic.ttf
  artifactKey: Guid(b0e740406db1000449f5f91a056e56a8) Importer(815301076,1909f56bfc062723c751e8b465ee728b)
Start importing Assets/FONTS/Roboto-LightItalic.ttf using Guid(b0e740406db1000449f5f91a056e56a8) Importer(815301076,1909f56bfc062723c751e8b465ee728b)  -> (artifact id: 'ae84969d8e8433185a007d7b0b1715c9') in 0.021684 seconds 
  Import took 0.025854 seconds .

========================================================================
Received Import Request.
  Time since last request: 0.000230 seconds.
  path: Assets/FONTS/Roboto-Medium.ttf
  artifactKey: Guid(a48b0ff595024cf439b4f84e47c7d285) Importer(815301076,1909f56bfc062723c751e8b465ee728b)
Start importing Assets/FONTS/Roboto-Medium.ttf using Guid(a48b0ff595024cf439b4f84e47c7d285) Importer(815301076,1909f56bfc062723c751e8b465ee728b)  -> (artifact id: '556a3c362c2fed7396eb38d84a68c2e2') in 0.025701 seconds 
  Import took 0.029617 seconds .

========================================================================
Received Import Request.
  Time since last request: 0.000079 seconds.
  path: Assets/FONTS/Roboto-Bold.ttf
  artifactKey: Guid(8eb6095deed90ba40a3f0feffa4b3bf5) Importer(815301076,1909f56bfc062723c751e8b465ee728b)
Start importing Assets/FONTS/Roboto-Bold.ttf using Guid(8eb6095deed90ba40a3f0feffa4b3bf5) Importer(815301076,1909f56bfc062723c751e8b465ee728b)  -> (artifact id: '854ad594f1745e332d361b8659b282f7') in 0.100471 seconds 
  Import took 0.105543 seconds .

========================================================================
Received Import Request.
  Time since last request: 0.000213 seconds.
  path: Assets/FONTS/Roboto-ThinItalic.ttf
  artifactKey: Guid(dfd24e56f9d7b894b98c38e4b73c146a) Importer(815301076,1909f56bfc062723c751e8b465ee728b)
Start importing Assets/FONTS/Roboto-ThinItalic.ttf using Guid(dfd24e56f9d7b894b98c38e4b73c146a) Importer(815301076,1909f56bfc062723c751e8b465ee728b)  -> (artifact id: '19537c7dea7d65ddb612d7a2989a21a3') in 0.028914 seconds 
  Import took 0.047168 seconds .

========================================================================
Received Import Request.
  Time since last request: 0.000250 seconds.
  path: Assets/FONTS/Roboto-Italic.ttf
  artifactKey: Guid(7d7910c0cf00fef46bca99550b56ba01) Importer(815301076,1909f56bfc062723c751e8b465ee728b)
Start importing Assets/FONTS/Roboto-Italic.ttf using Guid(7d7910c0cf00fef46bca99550b56ba01) Importer(815301076,1909f56bfc062723c751e8b465ee728b)  -> (artifact id: 'e17e7253b3f4c8d5b253281007bcfff4') in 0.021722 seconds 
  Import took 0.024674 seconds .

========================================================================
Received Import Request.
  Time since last request: 65.699610 seconds.
  path: Assets/Imported/BodyBuilder Asset Pack/Meshes/10Plate.fbx
  artifactKey: Guid(7d2b81e42287f4db2a6f1647eda2bbe5) Importer(815301076,1909f56bfc062723c751e8b465ee728b)
Start importing Assets/Imported/BodyBuilder Asset Pack/Meshes/10Plate.fbx using Guid(7d2b81e42287f4db2a6f1647eda2bbe5) Importer(815301076,1909f56bfc062723c751e8b465ee728b)  -> (artifact id: '4aa1d74c5bb4f7002e8ba07ee8d090b4') in 0.131747 seconds 
  Import took 0.136378 seconds .

========================================================================
Received Import Request.
  Time since last request: 0.000200 seconds.
  path: Assets/Imported/BodyBuilder Asset Pack/Materials/Metal2.mat
  artifactKey: Guid(ea847606f2b464576a5b22449e030633) Importer(815301076,1909f56bfc062723c751e8b465ee728b)
Start importing Assets/Imported/BodyBuilder Asset Pack/Materials/Metal2.mat using Guid(ea847606f2b464576a5b22449e030633) Importer(815301076,1909f56bfc062723c751e8b465ee728b)  -> (artifact id: '71ea0e1f97c67d63b512b539fffc253c') in 0.062506 seconds 
  Import took 0.065612 seconds .

========================================================================
Received Import Request.
  Time since last request: 0.000209 seconds.
  path: Assets/Imported/BodyBuilder Asset Pack/Materials/SeatLeather.mat
  artifactKey: Guid(21290779569394b6ebfc403b40ff067d) Importer(815301076,1909f56bfc062723c751e8b465ee728b)
Start importing Assets/Imported/BodyBuilder Asset Pack/Materials/SeatLeather.mat using Guid(21290779569394b6ebfc403b40ff067d) Importer(815301076,1909f56bfc062723c751e8b465ee728b)  -> (artifact id: 'ec1a1d16e528fcb8032ad027d165587d') in 0.044986 seconds 
  Import took 0.048233 seconds .

========================================================================
Received Import Request.
  Time since last request: 0.000209 seconds.
  path: Assets/Imported/BodyBuilder Asset Pack/Materials/Metal4.mat
  artifactKey: Guid(a8e5ed4602d25486e9895e4bb0515997) Importer(815301076,1909f56bfc062723c751e8b465ee728b)
Start importing Assets/Imported/BodyBuilder Asset Pack/Materials/Metal4.mat using Guid(a8e5ed4602d25486e9895e4bb0515997) Importer(815301076,1909f56bfc062723c751e8b465ee728b)  -> (artifact id: 'ffc4f55b4e4c96725ff55038909de6ba') in 0.038708 seconds 
  Import took 0.042413 seconds .

========================================================================
Received Import Request.
  Time since last request: 0.000219 seconds.
  path: Assets/Imported/BodyBuilder Asset Pack/Materials/YellowPlastic.mat
  artifactKey: Guid(44e7dbca59bd24085bdfcf83cd171aac) Importer(815301076,1909f56bfc062723c751e8b465ee728b)
Start importing Assets/Imported/BodyBuilder Asset Pack/Materials/YellowPlastic.mat using Guid(44e7dbca59bd24085bdfcf83cd171aac) Importer(815301076,1909f56bfc062723c751e8b465ee728b)  -> (artifact id: '7a66d97800ca6dcbb1feca96779241e1') in 0.025669 seconds 
  Import took 0.029163 seconds .

========================================================================
Received Import Request.
  Time since last request: 0.000250 seconds.
  path: Assets/Imported/BodyBuilder Asset Pack/Meshes/Dumbell.fbx
  artifactKey: Guid(9c4274b872cde4fe99ce7b35e74f5e91) Importer(815301076,1909f56bfc062723c751e8b465ee728b)
Start importing Assets/Imported/BodyBuilder Asset Pack/Meshes/Dumbell.fbx using Guid(9c4274b872cde4fe99ce7b35e74f5e91) Importer(815301076,1909f56bfc062723c751e8b465ee728b)  -> (artifact id: 'fefd94513fffa257981bdf416d23cd20') in 0.024716 seconds 
  Import took 0.029069 seconds .

========================================================================
Received Import Request.
  Time since last request: 0.000276 seconds.
  path: Assets/Imported/BodyBuilder Asset Pack/Materials/Metal5.mat
  artifactKey: Guid(acfb4e8e191884095b9d3cd3b9f587be) Importer(815301076,1909f56bfc062723c751e8b465ee728b)
Start importing Assets/Imported/BodyBuilder Asset Pack/Materials/Metal5.mat using Guid(acfb4e8e191884095b9d3cd3b9f587be) Importer(815301076,1909f56bfc062723c751e8b465ee728b)  -> (artifact id: '9b5151b979d3e3f2d14839f14cc7f06d') in 0.043595 seconds 
  Import took 0.046719 seconds .

========================================================================
Received Import Request.
  Time since last request: 0.000215 seconds.
  path: Assets/Imported/BodyBuilder Asset Pack/Materials/WhiteWall.mat
  artifactKey: Guid(7b45e65695c5241488014b488aebbc29) Importer(815301076,1909f56bfc062723c751e8b465ee728b)
Start importing Assets/Imported/BodyBuilder Asset Pack/Materials/WhiteWall.mat using Guid(7b45e65695c5241488014b488aebbc29) Importer(815301076,1909f56bfc062723c751e8b465ee728b)  -> (artifact id: 'f64ed7afc4e10a375c44d9e662768b31') in 0.100612 seconds 
  Import took 0.103771 seconds .

========================================================================
Received Import Request.
  Time since last request: 0.000225 seconds.
  path: Assets/Imported/BodyBuilder Asset Pack/Meshes/Dumbell Rack.fbx
  artifactKey: Guid(9e200b3e2e9d14e3b8ac4cfe941d44a0) Importer(815301076,1909f56bfc062723c751e8b465ee728b)
Start importing Assets/Imported/BodyBuilder Asset Pack/Meshes/Dumbell Rack.fbx using Guid(9e200b3e2e9d14e3b8ac4cfe941d44a0) Importer(815301076,1909f56bfc062723c751e8b465ee728b)  -> (artifact id: 'bcb41c0227cbaa7e64a8767fb47c38c9') in 0.061692 seconds 
  Import took 0.065545 seconds .

========================================================================
Received Import Request.
  Time since last request: 0.000226 seconds.
  path: Assets/Imported/BodyBuilder Asset Pack/Materials/DB20.mat
  artifactKey: Guid(c906ab3d7143741b58aae3dc34411355) Importer(815301076,1909f56bfc062723c751e8b465ee728b)
Start importing Assets/Imported/BodyBuilder Asset Pack/Materials/DB20.mat using Guid(c906ab3d7143741b58aae3dc34411355) Importer(815301076,1909f56bfc062723c751e8b465ee728b)  -> (artifact id: '2d29543f9a12dabdec5051d8207bdc74') in 0.028771 seconds 
  Import took 0.032357 seconds .

========================================================================
Received Import Request.
  Time since last request: 0.000210 seconds.
  path: Assets/Imported/BodyBuilder Asset Pack/Materials/Metal3.mat
  artifactKey: Guid(db4f9c47f9fcc4efaa6fea574d1b21c2) Importer(815301076,1909f56bfc062723c751e8b465ee728b)
Start importing Assets/Imported/BodyBuilder Asset Pack/Materials/Metal3.mat using Guid(db4f9c47f9fcc4efaa6fea574d1b21c2) Importer(815301076,1909f56bfc062723c751e8b465ee728b)  -> (artifact id: 'bf5c4fd0ab7b0de9e5857042da03a838') in 0.042438 seconds 
  Import took 0.045709 seconds .

========================================================================
Received Import Request.
  Time since last request: 0.000215 seconds.
  path: Assets/Imported/BodyBuilder Asset Pack/Meshes/25CrossPlate.fbx
  artifactKey: Guid(0856854f94bfd4aea98373b454e388c3) Importer(815301076,1909f56bfc062723c751e8b465ee728b)
Start importing Assets/Imported/BodyBuilder Asset Pack/Meshes/25CrossPlate.fbx using Guid(0856854f94bfd4aea98373b454e388c3) Importer(815301076,1909f56bfc062723c751e8b465ee728b)  -> (artifact id: '1fbcaf56bbe782d89651d102a678323b') in 0.070886 seconds 
  Import took 0.074517 seconds .

========================================================================
Received Import Request.
  Time since last request: 0.000181 seconds.
  path: Assets/Imported/BodyBuilder Asset Pack/Meshes/45CrossPlate.fbx
  artifactKey: Guid(e826e829e858143fc9e9eb4855fa8e8b) Importer(815301076,1909f56bfc062723c751e8b465ee728b)
Start importing Assets/Imported/BodyBuilder Asset Pack/Meshes/45CrossPlate.fbx using Guid(e826e829e858143fc9e9eb4855fa8e8b) Importer(815301076,1909f56bfc062723c751e8b465ee728b)  -> (artifact id: '44e5e70053274c0561b3a7003300df41') in 0.072240 seconds 
  Import took 0.075518 seconds .

========================================================================
Received Import Request.
  Time since last request: 0.000205 seconds.
  path: Assets/Imported/BodyBuilder Asset Pack/Meshes/BenchID.fbx
  artifactKey: Guid(13547fa8926174669b22c47473c9b943) Importer(815301076,1909f56bfc062723c751e8b465ee728b)
Start importing Assets/Imported/BodyBuilder Asset Pack/Meshes/BenchID.fbx using Guid(13547fa8926174669b22c47473c9b943) Importer(815301076,1909f56bfc062723c751e8b465ee728b)  -> (artifact id: '6f638ef53b4f3f4d3a4da3fc8cb4f31e') in 0.054275 seconds 
  Import took 0.057562 seconds .

========================================================================
Received Import Request.
  Time since last request: 0.000218 seconds.
  path: Assets/Imported/BodyBuilder Asset Pack/Meshes/LegPress.fbx
  artifactKey: Guid(beb1b5a07479e414592d0eae1d787a96) Importer(815301076,1909f56bfc062723c751e8b465ee728b)
Start importing Assets/Imported/BodyBuilder Asset Pack/Meshes/LegPress.fbx using Guid(beb1b5a07479e414592d0eae1d787a96) Importer(815301076,1909f56bfc062723c751e8b465ee728b)  -> (artifact id: '36051c696b00c4e3f126cd8dfe16f05f') in 0.087268 seconds 
  Import took 0.090628 seconds .

========================================================================
Received Import Request.
  Time since last request: 0.000205 seconds.
  path: Assets/Imported/BodyBuilder Asset Pack/Meshes/SquatRack.fbx
  artifactKey: Guid(079b012ecffc644818a8022c6cbe0a83) Importer(815301076,1909f56bfc062723c751e8b465ee728b)
Start importing Assets/Imported/BodyBuilder Asset Pack/Meshes/SquatRack.fbx using Guid(079b012ecffc644818a8022c6cbe0a83) Importer(815301076,1909f56bfc062723c751e8b465ee728b)  -> (artifact id: '810f9f86bb687cb78d986a5695411574') in 0.067863 seconds 
  Import took 0.071470 seconds .

========================================================================
Received Import Request.
  Time since last request: 0.000210 seconds.
  path: Assets/Imported/BodyBuilder Asset Pack/Meshes/Flatbench.fbx
  artifactKey: Guid(73f2046e224b14fd89b2ffe7e1188116) Importer(815301076,1909f56bfc062723c751e8b465ee728b)
Start importing Assets/Imported/BodyBuilder Asset Pack/Meshes/Flatbench.fbx using Guid(73f2046e224b14fd89b2ffe7e1188116) Importer(815301076,1909f56bfc062723c751e8b465ee728b)  -> (artifact id: 'ed4db1acd77684695e102be7bae57751') in 0.064894 seconds 
  Import took 0.068044 seconds .

========================================================================
Received Import Request.
  Time since last request: 0.000200 seconds.
  path: Assets/Imported/BodyBuilder Asset Pack/Materials/DB50.mat
  artifactKey: Guid(82b1c0bb224f94518a950d8a4d369546) Importer(815301076,1909f56bfc062723c751e8b465ee728b)
Start importing Assets/Imported/BodyBuilder Asset Pack/Materials/DB50.mat using Guid(82b1c0bb224f94518a950d8a4d369546) Importer(815301076,1909f56bfc062723c751e8b465ee728b)  -> (artifact id: '6db621abe47084b40957b5d9e6455ec5') in 0.031091 seconds 
  Import took 0.034497 seconds .

========================================================================
Received Import Request.
  Time since last request: 0.000183 seconds.
  path: Assets/Imported/BodyBuilder Asset Pack/Meshes/5Plate.fbx
  artifactKey: Guid(9232111d0b2294ae39b979050f164d7e) Importer(815301076,1909f56bfc062723c751e8b465ee728b)
Start importing Assets/Imported/BodyBuilder Asset Pack/Meshes/5Plate.fbx using Guid(9232111d0b2294ae39b979050f164d7e) Importer(815301076,1909f56bfc062723c751e8b465ee728b)  -> (artifact id: '5fb406efe770e233e89266a89800714a') in 0.079501 seconds 
  Import took 0.083455 seconds .

========================================================================
Received Import Request.
  Time since last request: 0.000106 seconds.
  path: Assets/Imported/BodyBuilder Asset Pack/Materials/Metal7.mat
  artifactKey: Guid(7607fa2ab8908430488a57d6c9263c26) Importer(815301076,1909f56bfc062723c751e8b465ee728b)
Start importing Assets/Imported/BodyBuilder Asset Pack/Materials/Metal7.mat using Guid(7607fa2ab8908430488a57d6c9263c26) Importer(815301076,1909f56bfc062723c751e8b465ee728b)  -> (artifact id: 'a4e6cda1df2cc4b2a3470537760e5f26') in 0.033250 seconds 
  Import took 0.062808 seconds .

========================================================================
Received Import Request.
  Time since last request: 0.000073 seconds.
  path: Assets/Imported/BodyBuilder Asset Pack/Materials/BlackRubber.mat
  artifactKey: Guid(31e1225962e5d410facc0aad2b43a259) Importer(815301076,1909f56bfc062723c751e8b465ee728b)
Start importing Assets/Imported/BodyBuilder Asset Pack/Materials/BlackRubber.mat using Guid(31e1225962e5d410facc0aad2b43a259) Importer(815301076,1909f56bfc062723c751e8b465ee728b)  -> (artifact id: 'b69bf7e4be0adc52863d76e42f770d7d') in 0.028512 seconds 
  Import took 0.039805 seconds .

========================================================================
Received Import Request.
  Time since last request: 0.000266 seconds.
  path: Assets/Imported/BodyBuilder Asset Pack/Materials/Metal6.mat
  artifactKey: Guid(82399c308583a4fbc81afed128515817) Importer(815301076,1909f56bfc062723c751e8b465ee728b)
Start importing Assets/Imported/BodyBuilder Asset Pack/Materials/Metal6.mat using Guid(82399c308583a4fbc81afed128515817) Importer(815301076,1909f56bfc062723c751e8b465ee728b)  -> (artifact id: 'c0a217a88b6911596a20e139f43b50cb') in 0.048608 seconds 
  Import took 0.052946 seconds .

========================================================================
Received Import Request.
  Time since last request: 0.000247 seconds.
  path: Assets/Imported/BodyBuilder Asset Pack/Materials/Grip.mat
  artifactKey: Guid(98f65c2f985be49cea6c0cdf2831968b) Importer(815301076,1909f56bfc062723c751e8b465ee728b)
Start importing Assets/Imported/BodyBuilder Asset Pack/Materials/Grip.mat using Guid(98f65c2f985be49cea6c0cdf2831968b) Importer(815301076,1909f56bfc062723c751e8b465ee728b)  -> (artifact id: 'b8e36a1993244cb4a912df8447866fe4') in 0.042410 seconds 
  Import took 0.045761 seconds .

========================================================================
Received Import Request.
  Time since last request: 0.000246 seconds.
  path: Assets/Imported/BodyBuilder Asset Pack/Materials/Grip 2.mat
  artifactKey: Guid(8d023a259090f4040be72929e940f5cb) Importer(815301076,1909f56bfc062723c751e8b465ee728b)
Start importing Assets/Imported/BodyBuilder Asset Pack/Materials/Grip 2.mat using Guid(8d023a259090f4040be72929e940f5cb) Importer(815301076,1909f56bfc062723c751e8b465ee728b)  -> (artifact id: '7f8865b746677787308181b910f1dfd5') in 0.038923 seconds 
  Import took 0.042105 seconds .

========================================================================
Received Import Request.
  Time since last request: 0.000211 seconds.
  path: Assets/Imported/BodyBuilder Asset Pack/Materials/DB60.mat
  artifactKey: Guid(bc00020fb470446d5a96ae39fe45aea4) Importer(815301076,1909f56bfc062723c751e8b465ee728b)
Start importing Assets/Imported/BodyBuilder Asset Pack/Materials/DB60.mat using Guid(bc00020fb470446d5a96ae39fe45aea4) Importer(815301076,1909f56bfc062723c751e8b465ee728b)  -> (artifact id: 'fa13d0109879d4e4b75a8efa666011a6') in 0.026460 seconds 
  Import took 0.029388 seconds .

========================================================================
Received Prepare
Registering precompiled user dll's ...
Registered in 0.004384 seconds.
Begin MonoManager ReloadAssembly
Native extension for WindowsStandalone target not found
Refreshing native plugins compatible for Editor in 0.44 ms, found 2 plugins.
Preloading 0 native plugins for Editor in 0.00 ms.
Mono: successfully reloaded assembly
- Completed reload, in  1.164 seconds
Domain Reload Profiling:
	ReloadAssembly (1165ms)
		BeginReloadAssembly (113ms)
			ExecutionOrderSort (0ms)
			DisableScriptedObjects (5ms)
			BackupInstance (0ms)
			ReleaseScriptingObjects (0ms)
			CreateAndSetChildDomain (37ms)
		EndReloadAssembly (988ms)
			LoadAssemblies (86ms)
			RebuildTransferFunctionScriptingTraits (0ms)
			SetupTypeCache (299ms)
			ReleaseScriptCaches (1ms)
			RebuildScriptCaches (64ms)
			SetupLoadedEditorAssemblies (373ms)
				LogAssemblyErrors (0ms)
				InitializePlatformSupportModulesInManaged (6ms)
				SetLoadedEditorAssemblies (1ms)
				RefreshPlugins (1ms)
				BeforeProcessingInitializeOnLoad (105ms)
				ProcessInitializeOnLoadAttributes (251ms)
				ProcessInitializeOnLoadMethodAttributes (4ms)
				AfterProcessingInitializeOnLoad (5ms)
				EditorAssembliesLoaded (0ms)
			ExecutionOrderSort2 (0ms)
			AwakeInstancesAfterBackupRestoration (8ms)
Platform modules already initialized, skipping
Switching build target platform(19) subTarget(0) extendedPlatform(0) -> platform(13) subTarget(537395200) extendedPlatform(0)
Refreshing native plugins compatible for Editor in 0.36 ms, found 2 plugins.
Preloading 0 native plugins for Editor in 0.00 ms.
Unloading 1580 Unused Serialized files (Serialized files now loaded: 0)
System memory in use before: 82.6 MB.
System memory in use after: 82.7 MB.

Unloading 15 unused Assets to reduce memory usage. Loaded Objects now: 2087.
Total: 3.046100 ms (FindLiveObjects: 0.161500 ms CreateObjectMapping: 0.055100 ms MarkObjects: 2.753000 ms  DeleteObjects: 0.075200 ms)

AssetImportParameters requested are different than current active one (requested -> active):
  custom:video-decoder-ogg-theora: a1e56fd34408186e4bbccfd4996cb3dc -> 
  custom:container-muxer-webm: aa71ff27fc2769a1b78a27578f13a17b -> 
  custom:container-demuxer-webm: 4f35f7cbe854078d1ac9338744f61a02 -> 
  custom:container-demuxer-ogg: 62fdf1f143b41e24485cea50d1cbac27 -> 
  custom:video-encoder-webm-vp8: eb34c28f22e8b96e1ab97ce403110664 -> 
  custom:video-decoder-webm-vp8: 9c59270c3fd7afecdb556c50c9e8de78 -> 
  custom:graphics/normal-map-encoding: 01000000000000000000000000000000 -> 02000000000000000000000000000000
  custom:audio-decoder-ogg-vorbis: bf7c407c2cedff20999df2af8eb42d56 -> 
  custom:audio-encoder-webm-vorbis: bf7c407c2cedff20999df2af8eb42d56 -> 
========================================================================
Received Prepare
Registering precompiled user dll's ...
Registered in 0.005014 seconds.
Begin MonoManager ReloadAssembly
Native extension for WindowsStandalone target not found
Refreshing native plugins compatible for Editor in 0.37 ms, found 2 plugins.
Preloading 0 native plugins for Editor in 0.00 ms.
Mono: successfully reloaded assembly
- Completed reload, in  1.228 seconds
Domain Reload Profiling:
	ReloadAssembly (1229ms)
		BeginReloadAssembly (116ms)
			ExecutionOrderSort (0ms)
			DisableScriptedObjects (5ms)
			BackupInstance (0ms)
			ReleaseScriptingObjects (0ms)
			CreateAndSetChildDomain (34ms)
		EndReloadAssembly (1044ms)
			LoadAssemblies (97ms)
			RebuildTransferFunctionScriptingTraits (0ms)
			SetupTypeCache (318ms)
			ReleaseScriptCaches (1ms)
			RebuildScriptCaches (67ms)
			SetupLoadedEditorAssemblies (357ms)
				LogAssemblyErrors (0ms)
				InitializePlatformSupportModulesInManaged (9ms)
				SetLoadedEditorAssemblies (1ms)
				RefreshPlugins (0ms)
				BeforeProcessingInitializeOnLoad (99ms)
				ProcessInitializeOnLoadAttributes (239ms)
				ProcessInitializeOnLoadMethodAttributes (4ms)
				AfterProcessingInitializeOnLoad (5ms)
				EditorAssembliesLoaded (0ms)
			ExecutionOrderSort2 (0ms)
			AwakeInstancesAfterBackupRestoration (7ms)
Platform modules already initialized, skipping
Switching build target platform(19) subTarget(0) extendedPlatform(0) -> platform(13) subTarget(537395200) extendedPlatform(0)
Refreshing native plugins compatible for Editor in 0.56 ms, found 2 plugins.
Preloading 0 native plugins for Editor in 0.00 ms.
Unloading 1580 Unused Serialized files (Serialized files now loaded: 0)
System memory in use before: 82.7 MB.
System memory in use after: 82.8 MB.

Unloading 15 unused Assets to reduce memory usage. Loaded Objects now: 2090.
Total: 2.552900 ms (FindLiveObjects: 0.160400 ms CreateObjectMapping: 0.052600 ms MarkObjects: 2.234600 ms  DeleteObjects: 0.104300 ms)

AssetImportParameters requested are different than current active one (requested -> active):
  custom:video-decoder-ogg-theora: a1e56fd34408186e4bbccfd4996cb3dc -> 
  custom:container-muxer-webm: aa71ff27fc2769a1b78a27578f13a17b -> 
  custom:container-demuxer-webm: 4f35f7cbe854078d1ac9338744f61a02 -> 
  custom:container-demuxer-ogg: 62fdf1f143b41e24485cea50d1cbac27 -> 
  custom:video-encoder-webm-vp8: eb34c28f22e8b96e1ab97ce403110664 -> 
  custom:video-decoder-webm-vp8: 9c59270c3fd7afecdb556c50c9e8de78 -> 
  custom:graphics/normal-map-encoding: 01000000000000000000000000000000 -> 02000000000000000000000000000000
  custom:audio-decoder-ogg-vorbis: bf7c407c2cedff20999df2af8eb42d56 -> 
  custom:audio-encoder-webm-vorbis: bf7c407c2cedff20999df2af8eb42d56 -> 
